TensorFlow installation not found - running with reduced feature set.
/home/cituser/.local/lib/python3.9/site-packages/tensorboard_data_server/bin/server: /lib/x86_64-linux-gnu/libc.so.6: version `GLIBC_2.33' not found (required by /home/cituser/.local/lib/python3.9/site-packages/tensorboard_data_server/bin/server)
/home/cituser/.local/lib/python3.9/site-packages/tensorboard_data_server/bin/server: /lib/x86_64-linux-gnu/libc.so.6: version `GLIBC_2.34' not found (required by /home/cituser/.local/lib/python3.9/site-packages/tensorboard_data_server/bin/server)
/home/cituser/.local/lib/python3.9/site-packages/tensorboard_data_server/bin/server: /lib/x86_64-linux-gnu/libc.so.6: version `GLIBC_2.32' not found (required by /home/cituser/.local/lib/python3.9/site-packages/tensorboard_data_server/bin/server)
Serving TensorBoard on localhost; to expose to the network, use a proxy or pass --bind_all
TensorBoard 2.12.0 at http://localhost:6006/ (Press CTRL+C to quit)
W0414 15:11:58.764200 139711943522048 plugin_event_multiplexer.py:266] Deleting accumulator 'A14_L2/0414_init_model'
W0414 15:15:34.028833 139711943522048 plugin_event_multiplexer.py:266] Deleting accumulator 'A14_L2/0414_init_model'
W0414 15:34:25.576774 139711943522048 plugin_event_multiplexer.py:266] Deleting accumulator 'A14_L2/0414_init_model'
W0414 15:36:25.737024 139711943522048 plugin_event_multiplexer.py:266] Deleting accumulator 'A14_L2/0414_init_model'
W0414 15:37:45.851511 139711943522048 plugin_event_multiplexer.py:266] Deleting accumulator 'A14_L2/0414_init_model'
W0414 16:41:37.387695 139711943522048 plugin_event_multiplexer.py:266] Deleting accumulator 'A14_L2/0414_init_score'
W0414 17:21:42.420540 139711943522048 plugin_event_multiplexer.py:266] Deleting accumulator 'A14_L2/0414_init_score'
W0414 17:23:27.832998 139711943522048 plugin_event_multiplexer.py:266] Deleting accumulator 'A14_L2/0414_init_score'
W0414 17:34:54.361902 139711943522048 plugin_event_multiplexer.py:266] Deleting accumulator 'A14_L2/0414_init_score'
W0414 17:49:01.437704 139711943522048 plugin_event_multiplexer.py:266] Deleting accumulator 'A14_L2/0414_init_score'
W0414 17:49:01.444352 139711943522048 plugin_event_multiplexer.py:266] Deleting accumulator 'A14_L2/0414_init_score_box'
W0414 17:49:01.444435 139711943522048 plugin_event_multiplexer.py:266] Deleting accumulator 'A14_L2/0414_init_model'
TensorFlow installation not found - running with reduced feature set.
/home/cituser/.local/lib/python3.9/site-packages/tensorboard_data_server/bin/server: /lib/x86_64-linux-gnu/libc.so.6: version `GLIBC_2.33' not found (required by /home/cituser/.local/lib/python3.9/site-packages/tensorboard_data_server/bin/server)
/home/cituser/.local/lib/python3.9/site-packages/tensorboard_data_server/bin/server: /lib/x86_64-linux-gnu/libc.so.6: version `GLIBC_2.34' not found (required by /home/cituser/.local/lib/python3.9/site-packages/tensorboard_data_server/bin/server)
/home/cituser/.local/lib/python3.9/site-packages/tensorboard_data_server/bin/server: /lib/x86_64-linux-gnu/libc.so.6: version `GLIBC_2.32' not found (required by /home/cituser/.local/lib/python3.9/site-packages/tensorboard_data_server/bin/server)
Serving TensorBoard on localhost; to expose to the network, use a proxy or pass --bind_all
TensorBoard 2.12.0 at http://localhost:6006/ (Press CTRL+C to quit)
W0414 18:58:31.864299 140412975847168 plugin_event_multiplexer.py:266] Deleting accumulator 'A14_L2/0324_init_score_box'
W0414 18:58:31.864602 140412975847168 plugin_event_multiplexer.py:266] Deleting accumulator 'A14_L2/0324_init_model'
W0414 18:58:31.864641 140412975847168 plugin_event_multiplexer.py:266] Deleting accumulator 'A14_L2/0324_init_score'
